2025-10-07 19:53:35 - CREATED - /Users/franciscocr/Documents/Main folder/02 FCR/Courses/Cybersecurity/Bootcamp-for-Cybersecurity/CapstoneProject/paco.txt - HASH: e3b0c44298fc1c149afbf4c8996fb92427ae41e4649b934ca495991b7852b855
2025-10-07 19:53:45 - MOVED - /Users/franciscocr/Documents/Main folder/02 FCR/Courses/Cybersecurity/Bootcamp-for-Cybersecurity/CapstoneProject/paco.txt to /Users/franciscocr/Documents/Main folder/02 FCR/Courses/Cybersecurity/Bootcamp-for-Cybersecurity/CapstoneProject/paco.exe - HASH: e3b0c44298fc1c149afbf4c8996fb92427ae41e4649b934ca495991b7852b855
2025-10-07 19:53:47 - MOVED-UNKNOWN - /Users/franciscocr/Documents/Main folder/02 FCR/Courses/Cybersecurity/Bootcamp-for-Cybersecurity/CapstoneProject/paco.txt to /Users/franciscocr/Documents/Main folder/02 FCR/Courses/Cybersecurity/Bootcamp-for-Cybersecurity/CapstoneProject/paco.exe
2025-10-07 19:57:28 - MODIFIED - /Users/franciscocr/Documents/Main folder/02 FCR/Courses/Cybersecurity/Bootcamp-for-Cybersecurity/CapstoneProject/modules/analyzer.py - HASH: 6a5abc53582b036f7f9b01b1a8be6061228437c16e65181c35f6b5d30a1edde6
2025-10-07 19:57:50 - MOVED-UNKNOWN - /Users/franciscocr/Documents/Main folder/02 FCR/Courses/Cybersecurity/Bootcamp-for-Cybersecurity/CapstoneProject/modules/paco.txt to /Users/franciscocr/Documents/Main folder/02 FCR/Courses/Cybersecurity/Bootcamp-for-Cybersecurity/CapstoneProject/modules/paco.exe
2025-10-07 19:57:50 - CREATED - /Users/franciscocr/Documents/Main folder/02 FCR/Courses/Cybersecurity/Bootcamp-for-Cybersecurity/CapstoneProject/modules/paco.exe - HASH: e3b0c44298fc1c149afbf4c8996fb92427ae41e4649b934ca495991b7852b855
2025-10-07 19:57:50 - MALWARE DETECTED - /Users/franciscocr/Documents/Main folder/02 FCR/Courses/Cybersecurity/Bootcamp-for-Cybersecurity/CapstoneProject/modules/paco.exe - HASH: e3b0c44298fc1c149afbf4c8996fb92427ae41e4649b934ca495991b7852b855
2025-10-07 19:57:52 - MOVED-UNKNOWN - /Users/franciscocr/Documents/Main folder/02 FCR/Courses/Cybersecurity/Bootcamp-for-Cybersecurity/CapstoneProject/modules/paco.txt to /Users/franciscocr/Documents/Main folder/02 FCR/Courses/Cybersecurity/Bootcamp-for-Cybersecurity/CapstoneProject/modules/paco.exe
2025-10-07 20:02:55 - MODIFIED - /Users/franciscocr/Documents/Main folder/02 FCR/Courses/Cybersecurity/Bootcamp-for-Cybersecurity/CapstoneProject/modules/analyzer.py - HASH: cc3071aafcb7bc8db0327bdc2bbb1c03bce5f982c5a1bb0d999a5ea0683b9332
2025-10-07 20:03:20 - CREATED - /Users/franciscocr/Documents/Main folder/02 FCR/Courses/Cybersecurity/Bootcamp-for-Cybersecurity/CapstoneProject/modules/paco.txt - HASH: e3b0c44298fc1c149afbf4c8996fb92427ae41e4649b934ca495991b7852b855
2025-10-07 20:03:30 - MOVED - /Users/franciscocr/Documents/Main folder/02 FCR/Courses/Cybersecurity/Bootcamp-for-Cybersecurity/CapstoneProject/modules/paco.txt to /Users/franciscocr/Documents/Main folder/02 FCR/Courses/Cybersecurity/Bootcamp-for-Cybersecurity/CapstoneProject/modules/paco.bat - HASH: e3b0c44298fc1c149afbf4c8996fb92427ae41e4649b934ca495991b7852b855
2025-10-07 20:03:30 - MALWARE DETECTED - /Users/franciscocr/Documents/Main folder/02 FCR/Courses/Cybersecurity/Bootcamp-for-Cybersecurity/CapstoneProject/modules/paco.bat - HASH: e3b0c44298fc1c149afbf4c8996fb92427ae41e4649b934ca495991b7852b855
2025-10-07 20:03:31 - MOVED-UNKNOWN - /Users/franciscocr/Documents/Main folder/02 FCR/Courses/Cybersecurity/Bootcamp-for-Cybersecurity/CapstoneProject/modules/paco.txt to /Users/franciscocr/Documents/Main folder/02 FCR/Courses/Cybersecurity/Bootcamp-for-Cybersecurity/CapstoneProject/modules/paco.bat
2025-10-07 20:04:01 - DELETED - /Users/franciscocr/Documents/Main folder/02 FCR/Courses/Cybersecurity/Bootcamp-for-Cybersecurity/CapstoneProject/paco.exe
2025-10-07 20:04:03 - DELETED - /Users/franciscocr/Documents/Main folder/02 FCR/Courses/Cybersecurity/Bootcamp-for-Cybersecurity/CapstoneProject/paco.exe
2025-10-07 20:04:09 - DELETED - /Users/franciscocr/Documents/Main folder/02 FCR/Courses/Cybersecurity/Bootcamp-for-Cybersecurity/CapstoneProject/modules/paco.exe
2025-10-07 20:04:10 - DELETED - /Users/franciscocr/Documents/Main folder/02 FCR/Courses/Cybersecurity/Bootcamp-for-Cybersecurity/CapstoneProject/modules/paco.exe
2025-10-07 20:04:16 - DELETED - /Users/franciscocr/Documents/Main folder/02 FCR/Courses/Cybersecurity/Bootcamp-for-Cybersecurity/CapstoneProject/modules/paco.bat
2025-10-07 20:04:17 - DELETED - /Users/franciscocr/Documents/Main folder/02 FCR/Courses/Cybersecurity/Bootcamp-for-Cybersecurity/CapstoneProject/modules/paco.bat
2025-10-07 20:04:24 - CREATED - /Users/franciscocr/Documents/Main folder/02 FCR/Courses/Cybersecurity/Bootcamp-for-Cybersecurity/CapstoneProject/paco.txxt - HASH: e3b0c44298fc1c149afbf4c8996fb92427ae41e4649b934ca495991b7852b855
2025-10-07 20:04:31 - MOVED - /Users/franciscocr/Documents/Main folder/02 FCR/Courses/Cybersecurity/Bootcamp-for-Cybersecurity/CapstoneProject/paco.txxt to /Users/franciscocr/Documents/Main folder/02 FCR/Courses/Cybersecurity/Bootcamp-for-Cybersecurity/CapstoneProject/borrar.txxt - HASH: e3b0c44298fc1c149afbf4c8996fb92427ae41e4649b934ca495991b7852b855
2025-10-07 20:04:32 - MOVED-UNKNOWN - /Users/franciscocr/Documents/Main folder/02 FCR/Courses/Cybersecurity/Bootcamp-for-Cybersecurity/CapstoneProject/paco.txxt to /Users/franciscocr/Documents/Main folder/02 FCR/Courses/Cybersecurity/Bootcamp-for-Cybersecurity/CapstoneProject/borrar.txxt
2025-10-07 20:04:47 - DELETED - /Users/franciscocr/Documents/Main folder/02 FCR/Courses/Cybersecurity/Bootcamp-for-Cybersecurity/CapstoneProject/borrar.txxt
2025-10-07 20:04:48 - DELETED - /Users/franciscocr/Documents/Main folder/02 FCR/Courses/Cybersecurity/Bootcamp-for-Cybersecurity/CapstoneProject/borrar.txxt
